{"/home/ncd/Workspace/github/todo-app/backend/src/app.js": {"path":"/home/ncd/Workspace/github/todo-app/backend/src/app.js","statementMap":{"0":{"start":{"line":2,"column":16},"end":{"line":2,"column":34}},"1":{"start":{"line":3,"column":15},"end":{"line":3,"column":32}},"2":{"start":{"line":4,"column":15},"end":{"line":4,"column":32}},"3":{"start":{"line":5,"column":13},"end":{"line":5,"column":28}},"4":{"start":{"line":8,"column":19},"end":{"line":8,"column":51}},"5":{"start":{"line":9,"column":38},"end":{"line":9,"column":77}},"6":{"start":{"line":10,"column":23},"end":{"line":10,"column":64}},"7":{"start":{"line":13,"column":12},"end":{"line":13,"column":21}},"8":{"start":{"line":14,"column":19},"end":{"line":16,"column":1}},"9":{"start":{"line":19,"column":0},"end":{"line":19,"column":18}},"10":{"start":{"line":20,"column":0},"end":{"line":20,"column":23}},"11":{"start":{"line":21,"column":0},"end":{"line":21,"column":26}},"12":{"start":{"line":22,"column":0},"end":{"line":22,"column":24}},"13":{"start":{"line":23,"column":0},"end":{"line":23,"column":24}},"14":{"start":{"line":26,"column":0},"end":{"line":26,"column":33}},"15":{"start":{"line":28,"column":0},"end":{"line":30,"column":3}},"16":{"start":{"line":29,"column":1},"end":{"line":29,"column":27}},"17":{"start":{"line":33,"column":0},"end":{"line":33,"column":22}},"18":{"start":{"line":35,"column":0},"end":{"line":35,"column":21}}},"fnMap":{"0":{"name":"(anonymous_0)","decl":{"start":{"line":28,"column":13},"end":{"line":28,"column":14}},"loc":{"start":{"line":28,"column":33},"end":{"line":30,"column":1}},"line":28}},"branchMap":{},"s":{"0":1,"1":1,"2":1,"3":1,"4":1,"5":1,"6":1,"7":1,"8":1,"9":1,"10":1,"11":1,"12":1,"13":1,"14":1,"15":1,"16":0,"17":1,"18":1},"f":{"0":0},"b":{},"_coverageSchema":"1a1c01bbd47fc00a2c39e90264f33305004495a9","hash":"eca8dbe88b2547079269c68e1b406e30bc59340a"}
,"/home/ncd/Workspace/github/todo-app/backend/src/config/db.js": {"path":"/home/ncd/Workspace/github/todo-app/backend/src/config/db.js","statementMap":{"0":{"start":{"line":1,"column":15},"end":{"line":1,"column":32}},"1":{"start":{"line":2,"column":20},"end":{"line":2,"column":40}},"2":{"start":{"line":4,"column":0},"end":{"line":4,"column":16}},"3":{"start":{"line":6,"column":17},"end":{"line":6,"column":40}},"4":{"start":{"line":7,"column":13},"end":{"line":7,"column":42}},"5":{"start":{"line":8,"column":17},"end":{"line":8,"column":46}},"6":{"start":{"line":9,"column":13},"end":{"line":9,"column":38}},"7":{"start":{"line":10,"column":13},"end":{"line":10,"column":46}},"8":{"start":{"line":12,"column":11},"end":{"line":16,"column":2}},"9":{"start":{"line":18,"column":0},"end":{"line":18,"column":20}}},"fnMap":{},"branchMap":{},"s":{"0":1,"1":1,"2":1,"3":1,"4":1,"5":1,"6":1,"7":1,"8":1,"9":1},"f":{},"b":{},"_coverageSchema":"1a1c01bbd47fc00a2c39e90264f33305004495a9","hash":"6c92d8d25a0903ff6ef5e83035323ed7f05330d9"}
,"/home/ncd/Workspace/github/todo-app/backend/src/middleware/apiContentType.js": {"path":"/home/ncd/Workspace/github/todo-app/backend/src/middleware/apiContentType.js","statementMap":{"0":{"start":{"line":1,"column":26},"end":{"line":1,"column":54}},"1":{"start":{"line":3,"column":0},"end":{"line":9,"column":2}},"2":{"start":{"line":4,"column":2},"end":{"line":8,"column":3}},"3":{"start":{"line":5,"column":4},"end":{"line":5,"column":67}},"4":{"start":{"line":7,"column":4},"end":{"line":7,"column":11}}},"fnMap":{"0":{"name":"(anonymous_0)","decl":{"start":{"line":3,"column":17},"end":{"line":3,"column":18}},"loc":{"start":{"line":3,"column":43},"end":{"line":9,"column":1}},"line":3}},"branchMap":{"0":{"loc":{"start":{"line":4,"column":2},"end":{"line":8,"column":3}},"type":"if","locations":[{"start":{"line":4,"column":2},"end":{"line":8,"column":3}},{"start":{"line":6,"column":9},"end":{"line":8,"column":3}}],"line":4},"1":{"loc":{"start":{"line":4,"column":6},"end":{"line":4,"column":110}},"type":"binary-expr","locations":[{"start":{"line":4,"column":7},"end":{"line":4,"column":28}},{"start":{"line":4,"column":32},"end":{"line":4,"column":52}},{"start":{"line":4,"column":56},"end":{"line":4,"column":78}},{"start":{"line":4,"column":83},"end":{"line":4,"column":110}}],"line":4}},"s":{"0":1,"1":1,"2":1,"3":0,"4":1},"f":{"0":1},"b":{"0":[0,1],"1":[1,1,1,0]},"_coverageSchema":"1a1c01bbd47fc00a2c39e90264f33305004495a9","hash":"09fb695ce8f112974d72b414e537abe84b39203b"}
,"/home/ncd/Workspace/github/todo-app/backend/src/middleware/errorHandler.js": {"path":"/home/ncd/Workspace/github/todo-app/backend/src/middleware/errorHandler.js","statementMap":{"0":{"start":{"line":1,"column":17},"end":{"line":1,"column":48}},"1":{"start":{"line":5,"column":4},"end":{"line":5,"column":33}},"2":{"start":{"line":6,"column":4},"end":{"line":6,"column":27}},"3":{"start":{"line":7,"column":4},"end":{"line":7,"column":25}},"4":{"start":{"line":13,"column":4},"end":{"line":13,"column":32}},"5":{"start":{"line":19,"column":4},"end":{"line":19,"column":32}},"6":{"start":{"line":25,"column":4},"end":{"line":25,"column":32}},"7":{"start":{"line":31,"column":4},"end":{"line":31,"column":32}},"8":{"start":{"line":37,"column":4},"end":{"line":37,"column":32}},"9":{"start":{"line":41,"column":21},"end":{"line":51,"column":1}},"10":{"start":{"line":42,"column":2},"end":{"line":44,"column":3}},"11":{"start":{"line":43,"column":4},"end":{"line":43,"column":25}},"12":{"start":{"line":46,"column":2},"end":{"line":50,"column":5}},"13":{"start":{"line":53,"column":0},"end":{"line":61,"column":2}}},"fnMap":{"0":{"name":"(anonymous_0)","decl":{"start":{"line":4,"column":2},"end":{"line":4,"column":3}},"loc":{"start":{"line":4,"column":43},"end":{"line":8,"column":3}},"line":4},"1":{"name":"(anonymous_1)","decl":{"start":{"line":12,"column":2},"end":{"line":12,"column":3}},"loc":{"start":{"line":12,"column":45},"end":{"line":14,"column":3}},"line":12},"2":{"name":"(anonymous_2)","decl":{"start":{"line":18,"column":2},"end":{"line":18,"column":3}},"loc":{"start":{"line":18,"column":45},"end":{"line":20,"column":3}},"line":18},"3":{"name":"(anonymous_3)","decl":{"start":{"line":24,"column":2},"end":{"line":24,"column":3}},"loc":{"start":{"line":24,"column":57},"end":{"line":26,"column":3}},"line":24},"4":{"name":"(anonymous_4)","decl":{"start":{"line":30,"column":2},"end":{"line":30,"column":3}},"loc":{"start":{"line":30,"column":56},"end":{"line":32,"column":3}},"line":30},"5":{"name":"(anonymous_5)","decl":{"start":{"line":36,"column":2},"end":{"line":36,"column":3}},"loc":{"start":{"line":36,"column":47},"end":{"line":38,"column":3}},"line":36},"6":{"name":"(anonymous_6)","decl":{"start":{"line":41,"column":21},"end":{"line":41,"column":22}},"loc":{"start":{"line":41,"column":48},"end":{"line":51,"column":1}},"line":41}},"branchMap":{"0":{"loc":{"start":{"line":12,"column":14},"end":{"line":12,"column":35}},"type":"default-arg","locations":[{"start":{"line":12,"column":24},"end":{"line":12,"column":35}}],"line":12},"1":{"loc":{"start":{"line":18,"column":14},"end":{"line":18,"column":35}},"type":"default-arg","locations":[{"start":{"line":18,"column":24},"end":{"line":18,"column":35}}],"line":18},"2":{"loc":{"start":{"line":24,"column":14},"end":{"line":24,"column":47}},"type":"default-arg","locations":[{"start":{"line":24,"column":24},"end":{"line":24,"column":47}}],"line":24},"3":{"loc":{"start":{"line":30,"column":14},"end":{"line":30,"column":46}},"type":"default-arg","locations":[{"start":{"line":30,"column":24},"end":{"line":30,"column":46}}],"line":30},"4":{"loc":{"start":{"line":36,"column":14},"end":{"line":36,"column":37}},"type":"default-arg","locations":[{"start":{"line":36,"column":24},"end":{"line":36,"column":37}}],"line":36},"5":{"loc":{"start":{"line":42,"column":2},"end":{"line":44,"column":3}},"type":"if","locations":[{"start":{"line":42,"column":2},"end":{"line":44,"column":3}},{"start":{},"end":{}}],"line":42}},"s":{"0":1,"1":0,"2":0,"3":0,"4":0,"5":0,"6":0,"7":0,"8":0,"9":1,"10":0,"11":0,"12":0,"13":1},"f":{"0":0,"1":0,"2":0,"3":0,"4":0,"5":0,"6":0},"b":{"0":[0],"1":[0],"2":[0],"3":[0],"4":[0],"5":[0,0]},"_coverageSchema":"1a1c01bbd47fc00a2c39e90264f33305004495a9","hash":"822dd79324d3953250e840422b4fa3bfde0cc199"}
,"/home/ncd/Workspace/github/todo-app/backend/src/task/task.model.js": {"path":"/home/ncd/Workspace/github/todo-app/backend/src/task/task.model.js","statementMap":{"0":{"start":{"line":1,"column":20},"end":{"line":1,"column":40}},"1":{"start":{"line":3,"column":11},"end":{"line":3,"column":37}},"2":{"start":{"line":5,"column":13},"end":{"line":18,"column":2}},"3":{"start":{"line":20,"column":0},"end":{"line":24,"column":88}},"4":{"start":{"line":22,"column":4},"end":{"line":22,"column":55}},"5":{"start":{"line":24,"column":20},"end":{"line":24,"column":86}},"6":{"start":{"line":26,"column":0},"end":{"line":26,"column":22}}},"fnMap":{"0":{"name":"(anonymous_0)","decl":{"start":{"line":21,"column":8},"end":{"line":21,"column":9}},"loc":{"start":{"line":21,"column":14},"end":{"line":23,"column":3}},"line":21},"1":{"name":"(anonymous_1)","decl":{"start":{"line":24,"column":9},"end":{"line":24,"column":10}},"loc":{"start":{"line":24,"column":20},"end":{"line":24,"column":86}},"line":24}},"branchMap":{},"s":{"0":1,"1":1,"2":1,"3":1,"4":0,"5":0,"6":1},"f":{"0":0,"1":0},"b":{},"_coverageSchema":"1a1c01bbd47fc00a2c39e90264f33305004495a9","hash":"df6301562e9172d3fb560b72a9dabe75c7da45eb"}
,"/home/ncd/Workspace/github/todo-app/backend/src/user/user.controller.js": {"path":"/home/ncd/Workspace/github/todo-app/backend/src/user/user.controller.js","statementMap":{"0":{"start":{"line":1,"column":20},"end":{"line":1,"column":48}},"1":{"start":{"line":2,"column":26},"end":{"line":2,"column":66}},"2":{"start":{"line":4,"column":19},"end":{"line":16,"column":1}},"3":{"start":{"line":5,"column":1},"end":{"line":15,"column":2}},"4":{"start":{"line":6,"column":18},"end":{"line":6,"column":44}},"5":{"start":{"line":8,"column":2},"end":{"line":8,"column":39}},"6":{"start":{"line":10,"column":2},"end":{"line":14,"column":3}},"7":{"start":{"line":11,"column":3},"end":{"line":11,"column":55}},"8":{"start":{"line":13,"column":3},"end":{"line":13,"column":15}},"9":{"start":{"line":18,"column":16},"end":{"line":31,"column":1}},"10":{"start":{"line":19,"column":1},"end":{"line":30,"column":2}},"11":{"start":{"line":20,"column":13},"end":{"line":20,"column":30}},"12":{"start":{"line":21,"column":15},"end":{"line":21,"column":43}},"13":{"start":{"line":23,"column":2},"end":{"line":23,"column":36}},"14":{"start":{"line":25,"column":2},"end":{"line":29,"column":3}},"15":{"start":{"line":26,"column":3},"end":{"line":26,"column":55}},"16":{"start":{"line":28,"column":3},"end":{"line":28,"column":15}},"17":{"start":{"line":33,"column":19},"end":{"line":45,"column":1}},"18":{"start":{"line":34,"column":1},"end":{"line":44,"column":2}},"19":{"start":{"line":35,"column":18},"end":{"line":35,"column":52}},"20":{"start":{"line":37,"column":2},"end":{"line":37,"column":39}},"21":{"start":{"line":39,"column":2},"end":{"line":43,"column":3}},"22":{"start":{"line":40,"column":3},"end":{"line":40,"column":55}},"23":{"start":{"line":42,"column":3},"end":{"line":42,"column":15}},"24":{"start":{"line":47,"column":19},"end":{"line":61,"column":1}},"25":{"start":{"line":48,"column":1},"end":{"line":60,"column":2}},"26":{"start":{"line":49,"column":17},"end":{"line":49,"column":34}},"27":{"start":{"line":50,"column":15},"end":{"line":50,"column":23}},"28":{"start":{"line":51,"column":21},"end":{"line":51,"column":59}},"29":{"start":{"line":53,"column":2},"end":{"line":53,"column":42}},"30":{"start":{"line":55,"column":2},"end":{"line":59,"column":3}},"31":{"start":{"line":56,"column":3},"end":{"line":56,"column":55}},"32":{"start":{"line":58,"column":3},"end":{"line":58,"column":15}},"33":{"start":{"line":63,"column":19},"end":{"line":76,"column":1}},"34":{"start":{"line":64,"column":1},"end":{"line":75,"column":2}},"35":{"start":{"line":65,"column":17},"end":{"line":65,"column":34}},"36":{"start":{"line":66,"column":2},"end":{"line":66,"column":38}},"37":{"start":{"line":68,"column":2},"end":{"line":68,"column":31}},"38":{"start":{"line":70,"column":2},"end":{"line":74,"column":3}},"39":{"start":{"line":71,"column":3},"end":{"line":71,"column":55}},"40":{"start":{"line":73,"column":3},"end":{"line":73,"column":15}},"41":{"start":{"line":78,"column":0},"end":{"line":78,"column":75}}},"fnMap":{"0":{"name":"(anonymous_0)","decl":{"start":{"line":4,"column":19},"end":{"line":4,"column":20}},"loc":{"start":{"line":4,"column":45},"end":{"line":16,"column":1}},"line":4},"1":{"name":"(anonymous_1)","decl":{"start":{"line":18,"column":16},"end":{"line":18,"column":17}},"loc":{"start":{"line":18,"column":42},"end":{"line":31,"column":1}},"line":18},"2":{"name":"(anonymous_2)","decl":{"start":{"line":33,"column":19},"end":{"line":33,"column":20}},"loc":{"start":{"line":33,"column":45},"end":{"line":45,"column":1}},"line":33},"3":{"name":"(anonymous_3)","decl":{"start":{"line":47,"column":19},"end":{"line":47,"column":20}},"loc":{"start":{"line":47,"column":45},"end":{"line":61,"column":1}},"line":47},"4":{"name":"(anonymous_4)","decl":{"start":{"line":63,"column":19},"end":{"line":63,"column":20}},"loc":{"start":{"line":63,"column":45},"end":{"line":76,"column":1}},"line":63}},"branchMap":{"0":{"loc":{"start":{"line":10,"column":2},"end":{"line":14,"column":3}},"type":"if","locations":[{"start":{"line":10,"column":2},"end":{"line":14,"column":3}},{"start":{"line":12,"column":9},"end":{"line":14,"column":3}}],"line":10},"1":{"loc":{"start":{"line":10,"column":6},"end":{"line":10,"column":98}},"type":"binary-expr","locations":[{"start":{"line":10,"column":6},"end":{"line":10,"column":47}},{"start":{"line":10,"column":51},"end":{"line":10,"column":98}}],"line":10},"2":{"loc":{"start":{"line":25,"column":2},"end":{"line":29,"column":3}},"type":"if","locations":[{"start":{"line":25,"column":2},"end":{"line":29,"column":3}},{"start":{"line":27,"column":9},"end":{"line":29,"column":3}}],"line":25},"3":{"loc":{"start":{"line":25,"column":6},"end":{"line":25,"column":98}},"type":"binary-expr","locations":[{"start":{"line":25,"column":6},"end":{"line":25,"column":47}},{"start":{"line":25,"column":51},"end":{"line":25,"column":98}}],"line":25},"4":{"loc":{"start":{"line":39,"column":2},"end":{"line":43,"column":3}},"type":"if","locations":[{"start":{"line":39,"column":2},"end":{"line":43,"column":3}},{"start":{"line":41,"column":9},"end":{"line":43,"column":3}}],"line":39},"5":{"loc":{"start":{"line":39,"column":6},"end":{"line":39,"column":98}},"type":"binary-expr","locations":[{"start":{"line":39,"column":6},"end":{"line":39,"column":47}},{"start":{"line":39,"column":51},"end":{"line":39,"column":98}}],"line":39},"6":{"loc":{"start":{"line":55,"column":2},"end":{"line":59,"column":3}},"type":"if","locations":[{"start":{"line":55,"column":2},"end":{"line":59,"column":3}},{"start":{"line":57,"column":9},"end":{"line":59,"column":3}}],"line":55},"7":{"loc":{"start":{"line":55,"column":6},"end":{"line":55,"column":98}},"type":"binary-expr","locations":[{"start":{"line":55,"column":6},"end":{"line":55,"column":47}},{"start":{"line":55,"column":51},"end":{"line":55,"column":98}}],"line":55},"8":{"loc":{"start":{"line":70,"column":2},"end":{"line":74,"column":3}},"type":"if","locations":[{"start":{"line":70,"column":2},"end":{"line":74,"column":3}},{"start":{"line":72,"column":9},"end":{"line":74,"column":3}}],"line":70},"9":{"loc":{"start":{"line":70,"column":6},"end":{"line":70,"column":98}},"type":"binary-expr","locations":[{"start":{"line":70,"column":6},"end":{"line":70,"column":47}},{"start":{"line":70,"column":51},"end":{"line":70,"column":98}}],"line":70}},"s":{"0":1,"1":1,"2":1,"3":1,"4":1,"5":1,"6":0,"7":0,"8":0,"9":1,"10":0,"11":0,"12":0,"13":0,"14":0,"15":0,"16":0,"17":1,"18":0,"19":0,"20":0,"21":0,"22":0,"23":0,"24":1,"25":0,"26":0,"27":0,"28":0,"29":0,"30":0,"31":0,"32":0,"33":1,"34":0,"35":0,"36":0,"37":0,"38":0,"39":0,"40":0,"41":1},"f":{"0":1,"1":0,"2":0,"3":0,"4":0},"b":{"0":[0,0],"1":[0,0],"2":[0,0],"3":[0,0],"4":[0,0],"5":[0,0],"6":[0,0],"7":[0,0],"8":[0,0],"9":[0,0]},"_coverageSchema":"1a1c01bbd47fc00a2c39e90264f33305004495a9","hash":"f4d7cb2388505bc2527d9f8188516c504031bfb3"}
,"/home/ncd/Workspace/github/todo-app/backend/src/user/user.model.js": {"path":"/home/ncd/Workspace/github/todo-app/backend/src/user/user.model.js","statementMap":{"0":{"start":{"line":1,"column":20},"end":{"line":1,"column":40}},"1":{"start":{"line":3,"column":11},"end":{"line":3,"column":37}},"2":{"start":{"line":4,"column":13},"end":{"line":4,"column":45}},"3":{"start":{"line":6,"column":13},"end":{"line":48,"column":2}},"4":{"start":{"line":50,"column":0},"end":{"line":54,"column":3}},"5":{"start":{"line":56,"column":0},"end":{"line":56,"column":21}},"6":{"start":{"line":58,"column":0},"end":{"line":62,"column":88}},"7":{"start":{"line":60,"column":2},"end":{"line":60,"column":54}},"8":{"start":{"line":62,"column":19},"end":{"line":62,"column":86}},"9":{"start":{"line":64,"column":0},"end":{"line":64,"column":22}}},"fnMap":{"0":{"name":"(anonymous_0)","decl":{"start":{"line":59,"column":7},"end":{"line":59,"column":8}},"loc":{"start":{"line":59,"column":13},"end":{"line":61,"column":2}},"line":59},"1":{"name":"(anonymous_1)","decl":{"start":{"line":62,"column":8},"end":{"line":62,"column":9}},"loc":{"start":{"line":62,"column":19},"end":{"line":62,"column":86}},"line":62}},"branchMap":{},"s":{"0":1,"1":1,"2":1,"3":1,"4":1,"5":1,"6":1,"7":0,"8":0,"9":1},"f":{"0":0,"1":0},"b":{},"_coverageSchema":"1a1c01bbd47fc00a2c39e90264f33305004495a9","hash":"eaa9e5c6a77e609fd55b6471d688abedd95573ce"}
,"/home/ncd/Workspace/github/todo-app/backend/src/user/user.router.js": {"path":"/home/ncd/Workspace/github/todo-app/backend/src/user/user.router.js","statementMap":{"0":{"start":{"line":1,"column":16},"end":{"line":1,"column":34}},"1":{"start":{"line":3,"column":66},"end":{"line":3,"column":97}},"2":{"start":{"line":5,"column":15},"end":{"line":5,"column":31}},"3":{"start":{"line":7,"column":0},"end":{"line":7,"column":28}},"4":{"start":{"line":8,"column":0},"end":{"line":8,"column":32}},"5":{"start":{"line":9,"column":0},"end":{"line":9,"column":29}},"6":{"start":{"line":10,"column":0},"end":{"line":10,"column":35}},"7":{"start":{"line":11,"column":0},"end":{"line":11,"column":38}},"8":{"start":{"line":13,"column":0},"end":{"line":13,"column":24}}},"fnMap":{},"branchMap":{},"s":{"0":1,"1":1,"2":1,"3":1,"4":1,"5":1,"6":1,"7":1,"8":1},"f":{},"b":{},"_coverageSchema":"1a1c01bbd47fc00a2c39e90264f33305004495a9","hash":"70c60f270c67995ce36e694f30d236647e538bdd"}
,"/home/ncd/Workspace/github/todo-app/backend/src/user/user.service.js": {"path":"/home/ncd/Workspace/github/todo-app/backend/src/user/user.service.js","statementMap":{"0":{"start":{"line":1,"column":18},"end":{"line":1,"column":44}},"1":{"start":{"line":2,"column":24},"end":{"line":2,"column":64}},"2":{"start":{"line":4,"column":15},"end":{"line":8,"column":1}},"3":{"start":{"line":5,"column":17},"end":{"line":5,"column":42}},"4":{"start":{"line":7,"column":1},"end":{"line":7,"column":16}},"5":{"start":{"line":10,"column":15},"end":{"line":15,"column":1}},"6":{"start":{"line":11,"column":19},"end":{"line":11,"column":61}},"7":{"start":{"line":12,"column":1},"end":{"line":12,"column":65}},"8":{"start":{"line":12,"column":17},"end":{"line":12,"column":65}},"9":{"start":{"line":14,"column":1},"end":{"line":14,"column":18}},"10":{"start":{"line":17,"column":15},"end":{"line":21,"column":1}},"11":{"start":{"line":18,"column":17},"end":{"line":18,"column":45}},"12":{"start":{"line":20,"column":1},"end":{"line":20,"column":16}},"13":{"start":{"line":23,"column":15},"end":{"line":29,"column":1}},"14":{"start":{"line":24,"column":1},"end":{"line":24,"column":18}},"15":{"start":{"line":25,"column":1},"end":{"line":25,"column":49}},"16":{"start":{"line":26,"column":23},"end":{"line":26,"column":39}},"17":{"start":{"line":28,"column":1},"end":{"line":28,"column":22}},"18":{"start":{"line":31,"column":18},"end":{"line":34,"column":1}},"19":{"start":{"line":32,"column":1},"end":{"line":32,"column":18}},"20":{"start":{"line":33,"column":1},"end":{"line":33,"column":44}},"21":{"start":{"line":36,"column":0},"end":{"line":36,"column":61}}},"fnMap":{"0":{"name":"(anonymous_0)","decl":{"start":{"line":4,"column":15},"end":{"line":4,"column":16}},"loc":{"start":{"line":4,"column":27},"end":{"line":8,"column":1}},"line":4},"1":{"name":"(anonymous_1)","decl":{"start":{"line":10,"column":15},"end":{"line":10,"column":16}},"loc":{"start":{"line":10,"column":29},"end":{"line":15,"column":1}},"line":10},"2":{"name":"(anonymous_2)","decl":{"start":{"line":17,"column":15},"end":{"line":17,"column":16}},"loc":{"start":{"line":17,"column":31},"end":{"line":21,"column":1}},"line":17},"3":{"name":"(anonymous_3)","decl":{"start":{"line":23,"column":15},"end":{"line":23,"column":16}},"loc":{"start":{"line":23,"column":35},"end":{"line":29,"column":1}},"line":23},"4":{"name":"(anonymous_4)","decl":{"start":{"line":31,"column":18},"end":{"line":31,"column":19}},"loc":{"start":{"line":31,"column":32},"end":{"line":34,"column":1}},"line":31}},"branchMap":{"0":{"loc":{"start":{"line":12,"column":1},"end":{"line":12,"column":65}},"type":"if","locations":[{"start":{"line":12,"column":1},"end":{"line":12,"column":65}},{"start":{},"end":{}}],"line":12}},"s":{"0":1,"1":1,"2":1,"3":1,"4":1,"5":1,"6":0,"7":0,"8":0,"9":0,"10":1,"11":0,"12":0,"13":1,"14":0,"15":0,"16":0,"17":0,"18":1,"19":0,"20":0,"21":1},"f":{"0":1,"1":0,"2":0,"3":0,"4":0},"b":{"0":[0,0]},"_coverageSchema":"1a1c01bbd47fc00a2c39e90264f33305004495a9","hash":"583395bc193c6b5ab92ce2888238f8fa417555c5"}
,"/home/ncd/Workspace/github/todo-app/backend/src/utils/logError.js": {"path":"/home/ncd/Workspace/github/todo-app/backend/src/utils/logError.js","statementMap":{"0":{"start":{"line":1,"column":11},"end":{"line":1,"column":24}},"1":{"start":{"line":3,"column":17},"end":{"line":18,"column":1}},"2":{"start":{"line":4,"column":14},"end":{"line":4,"column":35}},"3":{"start":{"line":5,"column":19},"end":{"line":9,"column":4}},"4":{"start":{"line":11,"column":1},"end":{"line":17,"column":4}},"5":{"start":{"line":12,"column":2},"end":{"line":16,"column":3}},"6":{"start":{"line":13,"column":3},"end":{"line":13,"column":72}},"7":{"start":{"line":15,"column":3},"end":{"line":15,"column":59}},"8":{"start":{"line":20,"column":0},"end":{"line":20,"column":26}}},"fnMap":{"0":{"name":"(anonymous_0)","decl":{"start":{"line":3,"column":17},"end":{"line":3,"column":18}},"loc":{"start":{"line":3,"column":33},"end":{"line":18,"column":1}},"line":3},"1":{"name":"(anonymous_1)","decl":{"start":{"line":11,"column":44},"end":{"line":11,"column":45}},"loc":{"start":{"line":11,"column":59},"end":{"line":17,"column":2}},"line":11}},"branchMap":{"0":{"loc":{"start":{"line":12,"column":2},"end":{"line":16,"column":3}},"type":"if","locations":[{"start":{"line":12,"column":2},"end":{"line":16,"column":3}},{"start":{"line":14,"column":9},"end":{"line":16,"column":3}}],"line":12}},"s":{"0":1,"1":1,"2":0,"3":0,"4":0,"5":0,"6":0,"7":0,"8":1},"f":{"0":0,"1":0},"b":{"0":[0,0]},"_coverageSchema":"1a1c01bbd47fc00a2c39e90264f33305004495a9","hash":"df84407a506139d2fd4a9b0f91ab7fbe40377c43"}
}
