TN:
SF:src/app.js
FN:30,(anonymous_0)
FNF:1
FNH:0
FNDA:0,(anonymous_0)
DA:2,2
DA:3,2
DA:4,2
DA:5,2
DA:8,2
DA:9,2
DA:10,2
DA:11,2
DA:14,2
DA:15,2
DA:20,2
DA:21,2
DA:22,2
DA:23,2
DA:24,2
DA:27,2
DA:28,2
DA:30,2
DA:31,0
DA:35,2
DA:37,2
LF:21
LH:20
BRF:0
BRH:0
end_of_record
TN:
SF:src/config/db.js
FNF:0
FNH:0
DA:1,1
DA:2,1
DA:4,1
DA:6,1
DA:7,1
DA:8,1
DA:9,1
DA:10,1
DA:12,1
DA:18,1
LF:10
LH:10
BRF:0
BRH:0
end_of_record
TN:
SF:src/middleware/apiContentType.js
FN:3,(anonymous_0)
FNF:1
FNH:1
FNDA:22,(anonymous_0)
DA:1,2
DA:3,2
DA:4,22
DA:5,0
DA:7,22
LF:5
LH:4
BRDA:4,0,0,0
BRDA:4,0,1,22
BRDA:4,1,0,22
BRDA:4,1,1,18
BRDA:4,1,2,14
BRDA:4,1,3,8
BRF:6
BRH:5
end_of_record
TN:
SF:src/middleware/errorHandler.js
FN:4,(anonymous_0)
FN:11,(anonymous_1)
FN:19,(anonymous_2)
FN:25,(anonymous_3)
FN:31,(anonymous_4)
FN:37,(anonymous_5)
FN:43,(anonymous_6)
FN:48,(anonymous_7)
FNF:8
FNH:5
FNDA:2,(anonymous_0)
FNDA:11,(anonymous_1)
FNDA:9,(anonymous_2)
FNDA:0,(anonymous_3)
FNDA:0,(anonymous_4)
FNDA:0,(anonymous_5)
FNDA:2,(anonymous_6)
FNDA:11,(anonymous_7)
DA:1,2
DA:5,2
DA:6,2
DA:12,11
DA:13,11
DA:14,11
DA:20,9
DA:26,0
DA:32,0
DA:38,0
DA:44,2
DA:48,2
DA:49,11
DA:50,2
DA:53,11
DA:60,2
LF:16
LH:13
BRDA:19,0,0,0
BRDA:25,1,0,0
BRDA:31,2,0,0
BRDA:37,3,0,0
BRDA:43,4,0,0
BRDA:49,5,0,2
BRDA:49,5,1,9
BRF:7
BRH:2
end_of_record
TN:
SF:src/task/task.controller.js
FN:4,(anonymous_0)
FN:18,(anonymous_1)
FN:37,(anonymous_2)
FN:52,(anonymous_3)
FN:66,(anonymous_4)
FN:82,(anonymous_5)
FNF:6
FNH:6
FNDA:1,(anonymous_0)
FNDA:4,(anonymous_1)
FNDA:3,(anonymous_2)
FNDA:2,(anonymous_3)
FNDA:2,(anonymous_4)
FNDA:1,(anonymous_5)
DA:1,2
DA:2,2
DA:4,2
DA:5,1
DA:6,1
DA:8,1
DA:10,0
DA:11,0
DA:13,0
DA:18,2
DA:19,4
DA:20,4
DA:21,4
DA:23,1
DA:25,3
DA:30,0
DA:32,3
DA:37,2
DA:38,3
DA:39,3
DA:40,3
DA:42,1
DA:44,2
DA:45,0
DA:47,2
DA:52,2
DA:53,2
DA:54,2
DA:56,1
DA:58,1
DA:59,0
DA:61,1
DA:66,2
DA:67,2
DA:68,2
DA:69,2
DA:70,2
DA:72,1
DA:74,1
DA:75,0
DA:77,1
DA:82,2
DA:83,1
DA:84,1
DA:85,1
DA:87,1
DA:89,0
DA:90,0
DA:92,0
DA:97,2
LF:50
LH:40
BRDA:10,0,0,0
BRDA:10,0,1,0
BRDA:10,1,0,0
BRDA:10,1,1,0
BRDA:25,2,0,0
BRDA:25,2,1,3
BRDA:26,3,0,3
BRDA:26,3,1,3
BRDA:26,3,2,3
BRDA:44,4,0,0
BRDA:44,4,1,2
BRDA:44,5,0,2
BRDA:44,5,1,2
BRDA:58,6,0,0
BRDA:58,6,1,1
BRDA:58,7,0,1
BRDA:58,7,1,1
BRDA:74,8,0,0
BRDA:74,8,1,1
BRDA:74,9,0,1
BRDA:74,9,1,1
BRDA:89,10,0,0
BRDA:89,10,1,0
BRDA:89,11,0,0
BRDA:89,11,1,0
BRF:25
BRH:13
end_of_record
TN:
SF:src/task/task.model.js
FN:29,(anonymous_0)
FN:32,(anonymous_1)
FNF:2
FNH:1
FNDA:0,(anonymous_0)
FNDA:1,(anonymous_1)
DA:1,1
DA:3,1
DA:5,1
DA:28,1
DA:30,0
DA:32,1
DA:34,1
LF:7
LH:6
BRF:0
BRH:0
end_of_record
TN:
SF:src/task/task.router.js
FNF:0
FNH:0
DA:1,2
DA:10,2
DA:12,2
DA:14,2
DA:15,2
DA:16,2
DA:17,2
DA:18,2
DA:19,2
DA:20,2
DA:22,2
LF:11
LH:11
BRF:0
BRH:0
end_of_record
TN:
SF:src/task/task.service.js
FN:5,(anonymous_0)
FN:11,(anonymous_1)
FN:23,(anonymous_2)
FN:30,(anonymous_3)
FN:40,(anonymous_4)
FN:48,(anonymous_5)
FNF:6
FNH:6
FNDA:1,(anonymous_0)
FNDA:4,(anonymous_1)
FNDA:7,(anonymous_2)
FNDA:2,(anonymous_3)
FNDA:2,(anonymous_4)
FNDA:1,(anonymous_5)
DA:1,2
DA:2,2
DA:3,2
DA:5,2
DA:6,1
DA:8,1
DA:11,2
DA:12,4
DA:14,3
DA:15,3
DA:17,1
DA:18,1
DA:20,1
DA:23,2
DA:24,7
DA:25,7
DA:27,4
DA:30,2
DA:31,2
DA:32,2
DA:34,2
DA:35,1
DA:37,1
DA:40,2
DA:41,2
DA:42,1
DA:43,1
DA:45,1
DA:48,2
DA:49,1
DA:50,1
DA:53,2
LF:32
LH:32
BRDA:12,0,0,1
BRDA:12,0,1,3
BRDA:15,1,0,2
BRDA:15,1,1,1
BRDA:18,2,0,0
BRDA:18,2,1,1
BRDA:25,3,0,3
BRDA:25,3,1,4
BRDA:34,4,0,1
BRDA:34,4,1,1
BRF:10
BRH:9
end_of_record
TN:
SF:src/user/user.controller.js
FN:4,(anonymous_0)
FN:18,(anonymous_1)
FN:33,(anonymous_2)
FN:47,(anonymous_3)
FN:63,(anonymous_4)
FNF:5
FNH:5
FNDA:1,(anonymous_0)
FNDA:3,(anonymous_1)
FNDA:2,(anonymous_2)
FNDA:2,(anonymous_3)
FNDA:1,(anonymous_4)
DA:1,2
DA:2,2
DA:4,2
DA:5,1
DA:6,1
DA:8,1
DA:10,0
DA:11,0
DA:13,0
DA:18,2
DA:19,3
DA:20,3
DA:21,3
DA:23,1
DA:25,2
DA:26,0
DA:28,2
DA:33,2
DA:34,2
DA:35,2
DA:37,1
DA:39,1
DA:40,1
DA:42,0
DA:47,2
DA:48,2
DA:49,2
DA:50,2
DA:51,2
DA:53,1
DA:55,1
DA:56,1
DA:58,0
DA:63,2
DA:64,1
DA:65,1
DA:66,1
DA:68,1
DA:70,0
DA:71,0
DA:73,0
DA:78,2
LF:42
LH:33
BRDA:10,0,0,0
BRDA:10,0,1,0
BRDA:10,1,0,0
BRDA:10,1,1,0
BRDA:25,2,0,0
BRDA:25,2,1,2
BRDA:25,3,0,2
BRDA:25,3,1,2
BRDA:39,4,0,1
BRDA:39,4,1,0
BRDA:39,5,0,1
BRDA:39,5,1,1
BRDA:55,6,0,1
BRDA:55,6,1,0
BRDA:55,7,0,1
BRDA:55,7,1,1
BRDA:70,8,0,0
BRDA:70,8,1,0
BRDA:70,9,0,0
BRDA:70,9,1,0
BRF:20
BRH:9
end_of_record
TN:
SF:src/user/user.router.js
FNF:0
FNH:0
DA:1,2
DA:3,2
DA:5,2
DA:7,2
DA:8,2
DA:9,2
DA:10,2
DA:11,2
DA:13,2
LF:9
LH:9
BRF:0
BRH:0
end_of_record
TN:
SF:src/user/user.service.js
FN:4,(anonymous_0)
FN:10,(anonymous_1)
FN:17,(anonymous_2)
FN:23,(anonymous_3)
FN:31,(anonymous_4)
FNF:5
FNH:5
FNDA:1,(anonymous_0)
FNDA:7,(anonymous_1)
FNDA:2,(anonymous_2)
FNDA:2,(anonymous_3)
FNDA:1,(anonymous_4)
DA:1,2
DA:2,2
DA:4,2
DA:5,1
DA:7,1
DA:10,2
DA:11,7
DA:12,7
DA:14,5
DA:17,2
DA:18,2
DA:20,1
DA:23,2
DA:24,2
DA:25,2
DA:26,1
DA:28,1
DA:31,2
DA:32,1
DA:33,1
DA:36,2
LF:21
LH:21
BRDA:12,0,0,2
BRDA:12,0,1,5
BRF:2
BRH:2
end_of_record
